E:\EDIT87\INTERFACE\DIRECTXTEX\BIN\DESKTOP_2012\WIN32\DEBUG\DIRECTXTEX.PCH
E:\EDIT87\INTERFACE\DIRECTXTEX\BIN\DESKTOP_2012\WIN32\DEBUG\DIRECTXTEXUTIL.OBJ
E:\EDIT87\INTERFACE\DIRECTXTEX\BIN\DESKTOP_2012\WIN32\DEBUG\DIRECTXTEX.PDB
E:\EDIT87\INTERFACE\DIRECTXTEX\BIN\DESKTOP_2012\WIN32\DEBUG\DIRECTXTEXWIC.OBJ
E:\EDIT87\INTERFACE\DIRECTXTEX\BIN\DESKTOP_2012\WIN32\DEBUG\DIRECTXTEXTGA.OBJ
E:\EDIT87\INTERFACE\DIRECTXTEX\BIN\DESKTOP_2012\WIN32\DEBUG\DIRECTXTEXRESIZE.OBJ
E:\EDIT87\INTERFACE\DIRECTXTEX\BIN\DESKTOP_2012\WIN32\DEBUG\DIRECTXTEXPMALPHA.OBJ
E:\EDIT87\INTERFACE\DIRECTXTEX\BIN\DESKTOP_2012\WIN32\DEBUG\DIRECTXTEXNORMALMAPS.OBJ
E:\EDIT87\INTERFACE\DIRECTXTEX\BIN\DESKTOP_2012\WIN32\DEBUG\DIRECTXTEXMISC.OBJ
E:\EDIT87\INTERFACE\DIRECTXTEX\BIN\DESKTOP_2012\WIN32\DEBUG\DIRECTXTEXMIPMAPS.OBJ
E:\EDIT87\INTERFACE\DIRECTXTEX\BIN\DESKTOP_2012\WIN32\DEBUG\DIRECTXTEXIMAGE.OBJ
E:\EDIT87\INTERFACE\DIRECTXTEX\BIN\DESKTOP_2012\WIN32\DEBUG\DIRECTXTEXFLIPROTATE.OBJ
E:\EDIT87\INTERFACE\DIRECTXTEX\BIN\DESKTOP_2012\WIN32\DEBUG\DIRECTXTEXDDS.OBJ
E:\EDIT87\INTERFACE\DIRECTXTEX\BIN\DESKTOP_2012\WIN32\DEBUG\DIRECTXTEXD3D11.OBJ
E:\EDIT87\INTERFACE\DIRECTXTEX\BIN\DESKTOP_2012\WIN32\DEBUG\DIRECTXTEXCONVERT.OBJ
E:\EDIT87\INTERFACE\DIRECTXTEX\BIN\DESKTOP_2012\WIN32\DEBUG\DIRECTXTEXCOMPRESSGPU.OBJ
E:\EDIT87\INTERFACE\DIRECTXTEX\BIN\DESKTOP_2012\WIN32\DEBUG\DIRECTXTEXCOMPRESS.OBJ
E:\EDIT87\INTERFACE\DIRECTXTEX\BIN\DESKTOP_2012\WIN32\DEBUG\BCDIRECTCOMPUTE.OBJ
E:\EDIT87\INTERFACE\DIRECTXTEX\BIN\DESKTOP_2012\WIN32\DEBUG\BC6HBC7.OBJ
E:\EDIT87\INTERFACE\DIRECTXTEX\BIN\DESKTOP_2012\WIN32\DEBUG\BC4BC5.OBJ
E:\EDIT87\INTERFACE\DIRECTXTEX\BIN\DESKTOP_2012\WIN32\DEBUG\BC.OBJ
E:\EDIT87\INTERFACE\DIRECTXTEX\BIN\DESKTOP_2012\WIN32\DEBUG\DIRECTXTEX.LIB
E:\edit87\Interface\DirectXTex\Bin\Desktop_2012\Win32\Debug\BC.obj
E:\edit87\Interface\DirectXTex\Bin\Desktop_2012\Win32\Debug\BC4BC5.obj
E:\edit87\Interface\DirectXTex\Bin\Desktop_2012\Win32\Debug\BC6HBC7.obj
E:\edit87\Interface\DirectXTex\Bin\Desktop_2012\Win32\Debug\BCDirectCompute.obj
E:\edit87\Interface\DirectXTex\Bin\Desktop_2012\Win32\Debug\DirectXTexCompress.obj
E:\edit87\Interface\DirectXTex\Bin\Desktop_2012\Win32\Debug\DirectXTexCompressGPU.obj
E:\edit87\Interface\DirectXTex\Bin\Desktop_2012\Win32\Debug\DirectXTexConvert.obj
E:\edit87\Interface\DirectXTex\Bin\Desktop_2012\Win32\Debug\DirectXTexD3D11.obj
E:\edit87\Interface\DirectXTex\Bin\Desktop_2012\Win32\Debug\DirectXTexDDS.obj
E:\edit87\Interface\DirectXTex\Bin\Desktop_2012\Win32\Debug\DirectXTexFlipRotate.obj
E:\edit87\Interface\DirectXTex\Bin\Desktop_2012\Win32\Debug\DirectXTexImage.obj
E:\edit87\Interface\DirectXTex\Bin\Desktop_2012\Win32\Debug\DirectXTexMipMaps.obj
E:\edit87\Interface\DirectXTex\Bin\Desktop_2012\Win32\Debug\DirectXTexMisc.obj
E:\edit87\Interface\DirectXTex\Bin\Desktop_2012\Win32\Debug\DirectXTexNormalMaps.obj
E:\edit87\Interface\DirectXTex\Bin\Desktop_2012\Win32\Debug\DirectXTexPMAlpha.obj
E:\edit87\Interface\DirectXTex\Bin\Desktop_2012\Win32\Debug\DirectXTexResize.obj
E:\edit87\Interface\DirectXTex\Bin\Desktop_2012\Win32\Debug\DirectXTexTGA.obj
E:\edit87\Interface\DirectXTex\Bin\Desktop_2012\Win32\Debug\DirectXTexUtil.obj
E:\edit87\Interface\DirectXTex\Bin\Desktop_2012\Win32\Debug\DirectXTexWIC.obj
E:\edit87\Interface\DirectXTex\Bin\Desktop_2012\Win32\Debug\cl.command.1.tlog
E:\edit87\Interface\DirectXTex\Bin\Desktop_2012\Win32\Debug\CL.read.1.tlog
E:\edit87\Interface\DirectXTex\Bin\Desktop_2012\Win32\Debug\CL.write.1.tlog
E:\edit87\Interface\DirectXTex\Bin\Desktop_2012\Win32\Debug\Lib-link.read.1.tlog
E:\edit87\Interface\DirectXTex\Bin\Desktop_2012\Win32\Debug\Lib-link.write.1.tlog
E:\edit87\Interface\DirectXTex\Bin\Desktop_2012\Win32\Debug\lib.command.1.tlog
E:\edit87\Interface\DirectXTex\Bin\Desktop_2012\Win32\Debug\DirectXTex.pch
E:\edit87\Interface\DirectXTex\Bin\Desktop_2012\Win32\Debug\directxtex.idb
E:\edit87\Interface\DirectXTex\Bin\Desktop_2012\Win32\Debug\directxtex.pdb
E:\edit87\Interface\DirectXTex\Bin\Desktop_2012\Win32\Debug\DirectXTex.lib
